Using pre-set license
Built from '2020.3/staging' branch; Version is '2020.3.16f1 (049d6eca3c44) revision 302446'; Using compiler version '192528614'; Build Type 'Release'
OS: 'Windows 10 Enterprise; OS build 17763.1518; Version 1809; 64bit' Language: 'en' Physical Memory: 16235 MB
BatchMode: 1, IsHumanControllingUs: 0, StartBugReporterOnCrash: 0, Is64bit: 1, IsPro: 0

 COMMAND LINE ARGUMENTS:
C:\Program Files\Unity\Hub\Editor\2020.3.16f1\Editor\Unity.exe
-adb2
-batchMode
-noUpm
-name
AssetImportWorker0
-projectPath
C:/Users/jspurlin/Documents/GitHub/Scripting for Game Design
-logFile
Logs/AssetImportWorker0.log
-srvPort
52034
Successfully changed project path to: C:/Users/jspurlin/Documents/GitHub/Scripting for Game Design
C:/Users/jspurlin/Documents/GitHub/Scripting for Game Design
Using Asset Import Pipeline V2.
Refreshing native plugins compatible for Editor in 29.24 ms, found 2 plugins.
Preloading 0 native plugins for Editor in 0.00 ms.
Initialize engine version: 2020.3.16f1 (049d6eca3c44)
[Subsystems] Discovering subsystems at path C:/Program Files/Unity/Hub/Editor/2020.3.16f1/Editor/Data/Resources/UnitySubsystems
[Subsystems] Discovering subsystems at path C:/Users/jspurlin/Documents/GitHub/Scripting for Game Design/Assets
GfxDevice: creating device client; threaded=0
Direct3D:
    Version:  Direct3D 11.0 [level 11.1]
    Renderer: NVIDIA Quadro P2000 (ID=0x1cba)
    Vendor:   
    VRAM:     4018 MB
    Driver:   27.21.14.5269
Initialize mono
Mono path[0] = 'C:/Program Files/Unity/Hub/Editor/2020.3.16f1/Editor/Data/Managed'
Mono path[1] = 'C:/Program Files/Unity/Hub/Editor/2020.3.16f1/Editor/Data/MonoBleedingEdge/lib/mono/unityjit'
Mono config path = 'C:/Program Files/Unity/Hub/Editor/2020.3.16f1/Editor/Data/MonoBleedingEdge/etc'
Using monoOptions --debugger-agent=transport=dt_socket,embedding=1,server=y,suspend=n,address=127.0.0.1:56780
Begin MonoManager ReloadAssembly
Registering precompiled unity dll's ...
Register platform support module: C:/Program Files/Unity/Hub/Editor/2020.3.16f1/Editor/Data/PlaybackEngines/WindowsStandaloneSupport/UnityEditor.WindowsStandalone.Extensions.dll
Registered in 0.002480 seconds.
Native extension for WindowsStandalone target not found
Refreshing native plugins compatible for Editor in 25.53 ms, found 2 plugins.
Preloading 0 native plugins for Editor in 0.00 ms.
Mono: successfully reloaded assembly
- Completed reload, in  1.560 seconds
Domain Reload Profiling:
	ReloadAssembly (1560ms)
		BeginReloadAssembly (65ms)
			ExecutionOrderSort (0ms)
			DisableScriptedObjects (0ms)
			BackupInstance (0ms)
			ReleaseScriptingObjects (0ms)
			CreateAndSetChildDomain (1ms)
		EndReloadAssembly (393ms)
			LoadAssemblies (63ms)
			RebuildTransferFunctionScriptingTraits (0ms)
			SetupTypeCache (140ms)
			ReleaseScriptCaches (0ms)
			RebuildScriptCaches (35ms)
			SetupLoadedEditorAssemblies (146ms)
				LogAssemblyErrors (0ms)
				InitializePlatformSupportModulesInManaged (4ms)
				SetLoadedEditorAssemblies (0ms)
				RefreshPlugins (26ms)
				BeforeProcessingInitializeOnLoad (16ms)
				ProcessInitializeOnLoadAttributes (74ms)
				ProcessInitializeOnLoadMethodAttributes (26ms)
				AfterProcessingInitializeOnLoad (0ms)
				EditorAssembliesLoaded (0ms)
			ExecutionOrderSort2 (0ms)
			AwakeInstancesAfterBackupRestoration (0ms)
Platform modules already initialized, skipping
Registering precompiled user dll's ...
Registered in 0.009598 seconds.
Begin MonoManager ReloadAssembly
Native extension for WindowsStandalone target not found
Refreshing native plugins compatible for Editor in 0.29 ms, found 2 plugins.
Preloading 0 native plugins for Editor in 0.00 ms.
Mono: successfully reloaded assembly
- Completed reload, in  1.070 seconds
Domain Reload Profiling:
	ReloadAssembly (1071ms)
		BeginReloadAssembly (168ms)
			ExecutionOrderSort (0ms)
			DisableScriptedObjects (4ms)
			BackupInstance (0ms)
			ReleaseScriptingObjects (0ms)
			CreateAndSetChildDomain (23ms)
		EndReloadAssembly (845ms)
			LoadAssemblies (95ms)
			RebuildTransferFunctionScriptingTraits (0ms)
			SetupTypeCache (246ms)
			ReleaseScriptCaches (0ms)
			RebuildScriptCaches (40ms)
			SetupLoadedEditorAssemblies (387ms)
				LogAssemblyErrors (0ms)
				InitializePlatformSupportModulesInManaged (5ms)
				SetLoadedEditorAssemblies (0ms)
				RefreshPlugins (0ms)
				BeforeProcessingInitializeOnLoad (73ms)
				ProcessInitializeOnLoadAttributes (297ms)
				ProcessInitializeOnLoadMethodAttributes (4ms)
				AfterProcessingInitializeOnLoad (7ms)
				EditorAssembliesLoaded (0ms)
			ExecutionOrderSort2 (0ms)
			AwakeInstancesAfterBackupRestoration (6ms)
Platform modules already initialized, skipping
========================================================================
Worker process is ready to serve import requests
Launched and connected shader compiler UnityShaderCompiler.exe after 0.08 seconds
Refreshing native plugins compatible for Editor in 0.28 ms, found 2 plugins.
Preloading 0 native plugins for Editor in 0.00 ms.
Unloading 1400 Unused Serialized files (Serialized files now loaded: 0)
System memory in use before: 65.0 MB.
System memory in use after: 65.1 MB.

Unloading 18 unused Assets to reduce memory usage. Loaded Objects now: 1833.
Total: 2.829600 ms (FindLiveObjects: 0.148600 ms CreateObjectMapping: 0.038500 ms MarkObjects: 2.575000 ms  DeleteObjects: 0.066700 ms)

AssetImportParameters requested are different than current active one (requested -> active):
  custom:framework-win-MediaFoundation: 216162199b28c13a410421893ffa2e32 -> 
  custom:video-decoder-ogg-theora: a1e56fd34408186e4bbccfd4996cb3dc -> 
  custom:container-muxer-webm: aa71ff27fc2769a1b78a27578f13a17b -> 
  custom:container-demuxer-webm: 4f35f7cbe854078d1ac9338744f61a02 -> 
  custom:container-demuxer-ogg: 62fdf1f143b41e24485cea50d1cbac27 -> 
  custom:video-encoder-webm-vp8: eb34c28f22e8b96e1ab97ce403110664 -> 
  custom:video-decoder-webm-vp8: 9c59270c3fd7afecdb556c50c9e8de78 -> 
  custom:audio-decoder-ogg-vorbis: bf7c407c2cedff20999df2af8eb42d56 -> 
  custom:audio-encoder-webm-vorbis: bf7c407c2cedff20999df2af8eb42d56 -> 
========================================================================
Received Import Request.
  path: Assets/Materials/Mushoom 1.mat
  artifactKey: Guid(b05520bd94b9af2479bd4fb7fc8e2b29) Importer(815301076,1909f56bfc062723c751e8b465ee728b)
Start importing Assets/Materials/Mushoom 1.mat using Guid(b05520bd94b9af2479bd4fb7fc8e2b29) Importer(815301076,1909f56bfc062723c751e8b465ee728b)  -> (artifact id: '505cce8f928dcb9a411c984600be1cc4') in 0.125836 seconds 
  Import took 0.128032 seconds .

========================================================================
Received Import Request.
  Time since last request: 56.211869 seconds.
  path: Assets/Materials/New Material.mat
  artifactKey: Guid(042002e35e8ac26458efd2dc861f31a0) Importer(815301076,1909f56bfc062723c751e8b465ee728b)
Start importing Assets/Materials/New Material.mat using Guid(042002e35e8ac26458efd2dc861f31a0) Importer(815301076,1909f56bfc062723c751e8b465ee728b)  -> (artifact id: 'ef5375455c94bda030e6d9d7ee4c53c0') in 0.018121 seconds 
  Import took 0.021276 seconds .

========================================================================
Received Import Request.
  Time since last request: 8.498703 seconds.
  path: Assets/Models/Crate.mat
  artifactKey: Guid(1df0fca1758f2e44ea4e32fed7e5eacf) Importer(815301076,1909f56bfc062723c751e8b465ee728b)
Start importing Assets/Models/Crate.mat using Guid(1df0fca1758f2e44ea4e32fed7e5eacf) Importer(815301076,1909f56bfc062723c751e8b465ee728b)  -> (artifact id: '6a7609b13a47a4906e3352384b7721f3') in 0.051480 seconds 
  Import took 0.054932 seconds .

========================================================================
Received Import Request.
  Time since last request: 0.003558 seconds.
  path: Assets/Models/Crate.mat
  artifactKey: Guid(1df0fca1758f2e44ea4e32fed7e5eacf) Importer(815301076,1909f56bfc062723c751e8b465ee728b)
Start importing Assets/Models/Crate.mat using Guid(1df0fca1758f2e44ea4e32fed7e5eacf) Importer(815301076,1909f56bfc062723c751e8b465ee728b)  -> (artifact id: '6a7609b13a47a4906e3352384b7721f3') in 0.017837 seconds 
  Import took 0.020443 seconds .

========================================================================
Received Import Request.
  Time since last request: 80.310024 seconds.
  path: Assets/Materials/Ground.mat
  artifactKey: Guid(768094e9f14013849a38d4534617ecd1) Importer(815301076,1909f56bfc062723c751e8b465ee728b)
Start importing Assets/Materials/Ground.mat using Guid(768094e9f14013849a38d4534617ecd1) Importer(815301076,1909f56bfc062723c751e8b465ee728b)  -> (artifact id: '69623dc1be52f7d4c120a679964762d0') in 0.017078 seconds 
  Import took 0.022118 seconds .

========================================================================
Received Import Request.
  Time since last request: 0.000449 seconds.
  path: Assets/Materials/New Material.mat
  artifactKey: Guid(042002e35e8ac26458efd2dc861f31a0) Importer(815301076,1909f56bfc062723c751e8b465ee728b)
Start importing Assets/Materials/New Material.mat using Guid(042002e35e8ac26458efd2dc861f31a0) Importer(815301076,1909f56bfc062723c751e8b465ee728b)  -> (artifact id: '1b6e53c553d55beb56a6856a447be76b') in 0.015216 seconds 
  Import took 0.018337 seconds .

========================================================================
Received Import Request.
  Time since last request: 51.850064 seconds.
  path: Assets/Materials/House 2.mat
  artifactKey: Guid(042002e35e8ac26458efd2dc861f31a0) Importer(815301076,1909f56bfc062723c751e8b465ee728b)
Start importing Assets/Materials/House 2.mat using Guid(042002e35e8ac26458efd2dc861f31a0) Importer(815301076,1909f56bfc062723c751e8b465ee728b)  -> (artifact id: '751e5748ad59962487e1e51bd0e35f41') in 0.023634 seconds 
  Import took 0.026151 seconds .

========================================================================
Received Prepare
Registering precompiled user dll's ...
Registered in 0.008823 seconds.
Begin MonoManager ReloadAssembly
Native extension for WindowsStandalone target not found
Refreshing native plugins compatible for Editor in 0.29 ms, found 2 plugins.
Preloading 0 native plugins for Editor in 0.00 ms.
Mono: successfully reloaded assembly
- Completed reload, in  0.990 seconds
Domain Reload Profiling:
	ReloadAssembly (991ms)
		BeginReloadAssembly (111ms)
			ExecutionOrderSort (0ms)
			DisableScriptedObjects (4ms)
			BackupInstance (0ms)
			ReleaseScriptingObjects (0ms)
			CreateAndSetChildDomain (30ms)
		EndReloadAssembly (820ms)
			LoadAssemblies (96ms)
			RebuildTransferFunctionScriptingTraits (0ms)
			SetupTypeCache (243ms)
			ReleaseScriptCaches (1ms)
			RebuildScriptCaches (39ms)
			SetupLoadedEditorAssemblies (349ms)
				LogAssemblyErrors (0ms)
				InitializePlatformSupportModulesInManaged (5ms)
				SetLoadedEditorAssemblies (0ms)
				RefreshPlugins (0ms)
				BeforeProcessingInitializeOnLoad (66ms)
				ProcessInitializeOnLoadAttributes (267ms)
				ProcessInitializeOnLoadMethodAttributes (4ms)
				AfterProcessingInitializeOnLoad (7ms)
				EditorAssembliesLoaded (0ms)
			ExecutionOrderSort2 (0ms)
			AwakeInstancesAfterBackupRestoration (6ms)
Platform modules already initialized, skipping
Refreshing native plugins compatible for Editor in 0.31 ms, found 2 plugins.
Preloading 0 native plugins for Editor in 0.00 ms.
Unloading 1394 Unused Serialized files (Serialized files now loaded: 0)
System memory in use before: 68.2 MB.
System memory in use after: 68.3 MB.

Unloading 13 unused Assets to reduce memory usage. Loaded Objects now: 1875.
Total: 2.919100 ms (FindLiveObjects: 0.145700 ms CreateObjectMapping: 0.038700 ms MarkObjects: 2.718800 ms  DeleteObjects: 0.014800 ms)

AssetImportParameters requested are different than current active one (requested -> active):
  custom:framework-win-MediaFoundation: 216162199b28c13a410421893ffa2e32 -> 
  custom:video-decoder-ogg-theora: a1e56fd34408186e4bbccfd4996cb3dc -> 
  custom:container-muxer-webm: aa71ff27fc2769a1b78a27578f13a17b -> 
  custom:container-demuxer-webm: 4f35f7cbe854078d1ac9338744f61a02 -> 
  custom:container-demuxer-ogg: 62fdf1f143b41e24485cea50d1cbac27 -> 
  custom:video-encoder-webm-vp8: eb34c28f22e8b96e1ab97ce403110664 -> 
  custom:video-decoder-webm-vp8: 9c59270c3fd7afecdb556c50c9e8de78 -> 
  custom:audio-decoder-ogg-vorbis: bf7c407c2cedff20999df2af8eb42d56 -> 
  custom:audio-encoder-webm-vorbis: bf7c407c2cedff20999df2af8eb42d56 -> 
========================================================================
Received Import Request.
  Time since last request: 148.218182 seconds.
  path: Assets/Materials/Ground.mat
  artifactKey: Guid(768094e9f14013849a38d4534617ecd1) Importer(815301076,1909f56bfc062723c751e8b465ee728b)
Start importing Assets/Materials/Ground.mat using Guid(768094e9f14013849a38d4534617ecd1) Importer(815301076,1909f56bfc062723c751e8b465ee728b)  -> (artifact id: 'e24c068e080aeeeb1fd5c2ed90daa50a') in 0.057987 seconds 
  Import took 0.060361 seconds .

========================================================================
Received Import Request.
  Time since last request: 0.000334 seconds.
  path: Assets/Materials/House 2.mat
  artifactKey: Guid(042002e35e8ac26458efd2dc861f31a0) Importer(815301076,1909f56bfc062723c751e8b465ee728b)
Start importing Assets/Materials/House 2.mat using Guid(042002e35e8ac26458efd2dc861f31a0) Importer(815301076,1909f56bfc062723c751e8b465ee728b)  -> (artifact id: 'ba547ee7bd0f021f638072c5ff36d055') in 0.011477 seconds 
  Import took 0.013619 seconds .

